Watching for file changes with StatReloader
[07/Aug/2025 16:41:17] "GET /schools/11/ HTTP/1.1" 200 21753
[07/Aug/2025 16:41:41] "GET / HTTP/1.1" 200 28199
[07/Aug/2025 16:41:42] "GET /static/images/schools/cqtbi/banner.jpg HTTP/1.1" 304 0
[07/Aug/2025 16:41:47] "GET / HTTP/1.1" 200 28199
[07/Aug/2025 16:41:48] "GET /static/images/schools/cqtbi/banner.jpg HTTP/1.1" 200 349873
[07/Aug/2025 16:41:49] "GET /static/images/schools/cqtbi/banner.jpg HTTP/1.1" 200 349873
[07/Aug/2025 16:41:49] "GET /static/images/schools/cqtbi/banner.jpg HTTP/1.1" 200 349873
[07/Aug/2025 16:42:04] "GET / HTTP/1.1" 200 28199
[07/Aug/2025 16:42:05] "GET / HTTP/1.1" 200 28199
[07/Aug/2025 16:42:16] "GET /static/images/schools/cqtbi/banner.jpg HTTP/1.1" 200 349873
[07/Aug/2025 16:42:16] "GET /static/images/schools/cqtbi/banner.jpg HTTP/1.1" 200 349873
[07/Aug/2025 16:42:17] "GET /static/images/schools/cqtbi/banner.jpg HTTP/1.1" 200 349873
[07/Aug/2025 16:42:18] "GET / HTTP/1.1" 200 28199
[07/Aug/2025 16:42:19] "GET /static/images/schools/cqtbi/banner.jpg HTTP/1.1" 200 349873
[07/Aug/2025 16:42:32] "GET /static/images/schools/cqtbi/banner.jpg HTTP/1.1" 200 349873
[07/Aug/2025 16:42:32] "GET /static/images/schools/cqtbi/banner.jpg HTTP/1.1" 200 349873
[07/Aug/2025 16:42:32] "GET /static/images/schools/cqtbi/banner.jpg HTTP/1.1" 200 349873
[07/Aug/2025 16:42:34] "GET /static/images/schools/cqtbi/banner.jpg HTTP/1.1" 200 349873
[07/Aug/2025 16:42:36] "GET / HTTP/1.1" 200 28199
[07/Aug/2025 16:42:37] "GET /static/images/schools/cqtbi/banner.jpg HTTP/1.1" 200 349873
Not Found: /favicon.ico
[07/Aug/2025 16:42:39] "GET /favicon.ico HTTP/1.1" 404 4165
[07/Aug/2025 16:42:42] "GET / HTTP/1.1" 200 28199
[07/Aug/2025 16:42:42] "GET / HTTP/1.1" 200 28199
[07/Aug/2025 16:42:43] "GET /static/images/schools/cqtbi/banner.jpg HTTP/1.1" 200 349873
[07/Aug/2025 16:42:50] "GET / HTTP/1.1" 200 28199
Not Found: /favicon.ico
[07/Aug/2025 16:42:51] "GET /favicon.ico HTTP/1.1" 404 4165
[07/Aug/2025 16:43:04] "GET / HTTP/1.1" 200 28199
[07/Aug/2025 16:43:04] "GET /static/images/schools/cqtbi/banner.jpg HTTP/1.1" 200 349873
Not Found: /favicon.ico
[07/Aug/2025 16:43:07] "GET /favicon.ico HTTP/1.1" 404 4165
[07/Aug/2025 16:43:12] "GET /ai-recommendation/ HTTP/1.1" 200 38865
[07/Aug/2025 16:44:23] "GET /static/images/schools/cqtbi/banner.jpg HTTP/1.1" 200 349873
[07/Aug/2025 16:44:26] "GET /static/images/schools/cqtbi/banner.jpg HTTP/1.1" 200 349873
[07/Aug/2025 16:44:43] "GET /static/images/schools/cqtbi/banner.jpg HTTP/1.1" 200 349873
[07/Aug/2025 16:44:54] "GET /static/images/schools/cqtbi/banner.jpg HTTP/1.1" 200 349873
[07/Aug/2025 16:45:23] "GET / HTTP/1.1" 200 28199
[07/Aug/2025 16:45:23] "GET /static/images/schools/cqtbi/banner.jpg HTTP/1.1" 304 0
Not Found: /favicon.ico
[07/Aug/2025 16:45:25] "GET /favicon.ico HTTP/1.1" 404 4165
[07/Aug/2025 16:45:25] "GET /ai-recommendation/ HTTP/1.1" 200 38865
[07/Aug/2025 16:45:55] "GET / HTTP/1.1" 200 28199
[07/Aug/2025 16:45:55] "GET / HTTP/1.1" 200 28199
Not Found: /favicon.ico
[07/Aug/2025 16:45:56] "GET /favicon.ico HTTP/1.1" 404 4165
[07/Aug/2025 16:47:04] "GET / HTTP/1.1" 200 28199
[07/Aug/2025 16:47:04] "GET / HTTP/1.1" 200 28199
[07/Aug/2025 16:47:05] "GET /static/images/schools/cqtbi/banner.jpg HTTP/1.1" 304 0
[07/Aug/2025 16:48:03] "GET / HTTP/1.1" 200 28199
[07/Aug/2025 16:48:04] "GET /static/images/schools/cqtbi/banner.jpg HTTP/1.1" 200 349873
[07/Aug/2025 17:13:45] "GET / HTTP/1.1" 200 28199
[07/Aug/2025 17:13:46] "GET /static/images/schools/cqtbi/banner.jpg HTTP/1.1" 200 349873
Not Found: /favicon.ico
[07/Aug/2025 17:13:51] "GET /favicon.ico HTTP/1.1" 404 4165
[07/Aug/2025 17:14:11] "GET /ai-recommendation/ HTTP/1.1" 200 38865
Not Found: /favicon.ico
[07/Aug/2025 17:14:21] "GET /favicon.ico HTTP/1.1" 404 4165
Not Found: /favicon.ico
[07/Aug/2025 17:14:22] "GET /favicon.ico HTTP/1.1" 404 4165
[07/Aug/2025 17:14:22] "GET /students/ HTTP/1.1" 200 29707
[07/Aug/2025 17:14:41] "GET /ai-recommendation/ HTTP/1.1" 200 38865
[07/Aug/2025 17:14:42] "GET / HTTP/1.1" 200 28199
[07/Aug/2025 17:14:43] "GET /ai-recommendation/ HTTP/1.1" 200 38865
[07/Aug/2025 17:14:52] "GET /students/ HTTP/1.1" 200 29707
[07/Aug/2025 17:14:55] "GET /ai-recommendation/ HTTP/1.1" 200 38865
Forbidden (Origin checking failed - https://concepts-shirts-ashley-avi.trycloudflare.com does not match any trusted origins.): /ai-recommendation/
[07/Aug/2025 17:16:52] "POST /ai-recommendation/ HTTP/1.1" 403 2595
Forbidden (Origin checking failed - https://concepts-shirts-ashley-avi.trycloudflare.com does not match any trusted origins.): /ai-recommendation/
[07/Aug/2025 17:17:09] "POST /ai-recommendation/ HTTP/1.1" 403 2595
Forbidden (Origin checking failed - https://concepts-shirts-ashley-avi.trycloudflare.com does not match any trusted origins.): /ai-recommendation/
[07/Aug/2025 17:17:42] "POST /ai-recommendation/ HTTP/1.1" 403 2595
Forbidden (Origin checking failed - https://concepts-shirts-ashley-avi.trycloudflare.com does not match any trusted origins.): /ai-recommendation/
[07/Aug/2025 17:17:52] "POST /ai-recommendation/ HTTP/1.1" 403 2595
[07/Aug/2025 17:20:02] "GET /ai-recommendation/ HTTP/1.1" 200 38865
/root/miniconda3/lib/python3.10/site-packages/django/views/generic/list.py:91: UnorderedObjectListWarning: Pagination may yield inconsistent results with an unordered object_list: <class 'recommendation.models.School'> QuerySet.
  return self.paginator_class(
[07/Aug/2025 17:20:04] "GET /schools/ HTTP/1.1" 200 43497
[07/Aug/2025 17:21:01] "GET / HTTP/1.1" 200 28199
[07/Aug/2025 17:21:02] "GET /static/images/schools/cqtbi/banner.jpg HTTP/1.1" 304 0
[07/Aug/2025 17:21:19] "GET /schools/ HTTP/1.1" 200 43497
[07/Aug/2025 17:21:24] "GET / HTTP/1.1" 200 28199
[07/Aug/2025 17:22:04] "GET /schools/ HTTP/1.1" 200 43497
[07/Aug/2025 17:22:06] "GET /students/ HTTP/1.1" 200 29707
/root/miniconda3/lib/python3.10/site-packages/django/views/generic/base.py:98: DeleteViewCustomDeleteWarning: DeleteView uses FormMixin to handle POST requests. As a consequence, any custom deletion logic in StudentDeleteView.delete() handler should be moved to form_valid().
  self = cls(**initkwargs)
Internal Server Error: /students/15/delete/
Traceback (most recent call last):
  File "/root/miniconda3/lib/python3.10/site-packages/django/core/handlers/exception.py", line 55, in inner
    response = get_response(request)
  File "/root/miniconda3/lib/python3.10/site-packages/django/core/handlers/base.py", line 220, in _get_response
    response = response.render()
  File "/root/miniconda3/lib/python3.10/site-packages/django/template/response.py", line 114, in render
    self.content = self.rendered_content
  File "/root/miniconda3/lib/python3.10/site-packages/django/template/response.py", line 90, in rendered_content
    template = self.resolve_template(self.template_name)
  File "/root/miniconda3/lib/python3.10/site-packages/django/template/response.py", line 72, in resolve_template
    return select_template(template, using=self.using)
  File "/root/miniconda3/lib/python3.10/site-packages/django/template/loader.py", line 47, in select_template
    raise TemplateDoesNotExist(", ".join(template_name_list), chain=chain)
django.template.exceptions.TemplateDoesNotExist: recommendation/student_confirm_delete.html
[07/Aug/2025 17:22:14] "GET /students/15/delete/ HTTP/1.1" 500 77865
[07/Aug/2025 17:22:37] "GET /students/?page=2 HTTP/1.1" 200 22973
[07/Aug/2025 17:22:43] "GET /students/?page=1 HTTP/1.1" 200 29707
[07/Aug/2025 17:22:49] "GET / HTTP/1.1" 200 28199
